
[0:23.02.2016 00:43:57.403]	
   at System.Threading.Tasks.Task.Dispose(Boolean disposing)
   at AtlantSovt.MainForm.Connecting() in E:\Workspaces\AtlantSovtRepository\AtlantSovt\AtlantSovt\MainForm.cs:line 111	
A task may only be disposed if it is in a completion state (RanToCompletion, Faulted or Canceled).

[0:23.02.2016 00:44:40.252]	
   at System.Threading.Tasks.Task.Dispose(Boolean disposing)
   at AtlantSovt.MainForm.Connecting() in E:\Workspaces\AtlantSovtRepository\AtlantSovt\AtlantSovt\MainForm.cs:line 111	
A task may only be disposed if it is in a completion state (RanToCompletion, Faulted or Canceled).

[0:23.02.2016 01:47:37.515]	
   at System.Windows.Forms.Control.get_Handle()
   at System.Windows.Forms.Control.get_InternalHandle()
   at System.Windows.Forms.Control.DestroyHandle()
   at System.Windows.Forms.Control.Dispose(Boolean disposing)
   at System.Windows.Forms.Form.Dispose(Boolean disposing)
   at AtlantSovt.ConnectionForm.Dispose(Boolean disposing) in E:\Workspaces\AtlantSovtRepository\AtlantSovt\AtlantSovt\Additions\ConnectionForm.Designer.cs:line 20
   at System.ComponentModel.Component.Dispose()
   at AtlantSovt.MainForm.Connecting() in E:\Workspaces\AtlantSovtRepository\AtlantSovt\AtlantSovt\MainForm.cs:line 131	
Cross-thread operation not valid: Control 'ConnectionForm' accessed from a thread other than the thread it was created on.

[0:23.02.2016 01:50:21.718]	
   at System.Windows.Forms.Control.get_Handle()
   at System.Windows.Forms.Control.SetVisibleCore(Boolean value)
   at System.Windows.Forms.Form.SetVisibleCore(Boolean value)
   at System.Windows.Forms.Control.Hide()
   at AtlantSovt.MainForm.Connecting() in E:\Workspaces\AtlantSovtRepository\AtlantSovt\AtlantSovt\MainForm.cs:line 131	
Cross-thread operation not valid: Control 'ConnectionForm' accessed from a thread other than the thread it was created on.
